<?xml version="1.0" encoding="UTF-8"?>
<!-- Generated by org.testng.reporters.JUnitXMLReporter -->
<testsuite hostname="001117030057-PC" name="Testlog" tests="1" failures="1" timestamp="19 Apr 2017 12:24:31 GMT" time="4.73" errors="0">
  <testcase name="testSearch" time="0.895" classname="com.guangyun.Testlog4j">
    <failure type="java.lang.AssertionError" message="expected [] but found [搜狗搜索引擎 - 上网从搜狗开始]">
      <![CDATA[java.lang.AssertionError: expected [] but found [搜狗搜索引擎 - 上网从搜狗开始]
	at com.guangyun.Testlog4j.testSearch(Testlog4j.java:38)
	at org.apache.maven.surefire.testng.TestNGExecutor.run(TestNGExecutor.java:74)
	at org.apache.maven.surefire.testng.TestNGXmlTestSuite.execute(TestNGXmlTestSuite.java:92)
	at org.apache.maven.surefire.Surefire.run(Surefire.java:180)
	at org.apache.maven.surefire.booter.SurefireBooter.runSuitesInProcess(SurefireBooter.java:350)
	at org.apache.maven.surefire.booter.SurefireBooter.main(SurefireBooter.java:1021)
... Removed 30 stack frames]]>
    </failure>
  </testcase> <!-- testSearch -->
</testsuite> <!-- Testlog -->
