<?xml version="1.0" encoding="UTF-8"?>
<!-- Generated by org.testng.reporters.JUnitXMLReporter -->
<testsuite hostname="001117030057-PC" name="TestNGLearn" tests="2" failures="1" timestamp="19 Apr 2017 12:24:31 GMT" time="0.005" errors="0">
  <testcase name="testEquals" time="0.001" classname="com.guangyun.TestNGLearn"/>
  <testcase name="testSubstract" time="0.001" classname="com.guangyun.TestNGLearn">
    <failure type="java.lang.AssertionError" message="expected [true] but found [false]">
      <![CDATA[java.lang.AssertionError: expected [true] but found [false]
	at com.guangyun.TestNGLearn.testSubstract(TestNGLearn.java:19)
	at org.apache.maven.surefire.testng.TestNGExecutor.run(TestNGExecutor.java:74)
	at org.apache.maven.surefire.testng.TestNGXmlTestSuite.execute(TestNGXmlTestSuite.java:92)
	at org.apache.maven.surefire.Surefire.run(Surefire.java:180)
	at org.apache.maven.surefire.booter.SurefireBooter.runSuitesInProcess(SurefireBooter.java:350)
	at org.apache.maven.surefire.booter.SurefireBooter.main(SurefireBooter.java:1021)
... Removed 29 stack frames]]>
    </failure>
  </testcase> <!-- testSubstract -->
</testsuite> <!-- TestNGLearn -->
