<?xml version="1.0" encoding="UTF-8" ?>
<testsuite tests="4" failures="2" name="TestSuite" time="5.199" errors="0" skipped="0">
  <properties>
[...]
</properties>
  <testcase classname="com.guangyun.Testlog4j" name="testSearch" time="0.897">
    <failure message="expected [] but found [搜狗搜索引擎 - 上网从搜狗开始]" type="java.lang.AssertionError">java.lang.AssertionError: expected [] but found [搜狗搜索引擎 - 上网从搜狗开始]
	at org.testng.Assert.fail(Assert.java:94)
	at org.testng.Assert.failNotEquals(Assert.java:494)
	at org.testng.Assert.assertEquals(Assert.java:123)
	at org.testng.Assert.assertEquals(Assert.java:176)
	at org.testng.Assert.assertEquals(Assert.java:186)
	at com.guangyun.Testlog4j.testSearch(Testlog4j.java:38)
</failure>
  </testcase>
  <testcase classname="com.guangyun.TestNGLearn" name="testEquals" time="0.001"/>
  <testcase classname="com.guangyun.TestNGLearn" name="testSubstract" time="0">
    <failure message="expected [true] but found [false]" type="java.lang.AssertionError">java.lang.AssertionError: expected [true] but found [false]
	at org.testng.Assert.fail(Assert.java:94)
	at org.testng.Assert.failNotEquals(Assert.java:494)
	at org.testng.Assert.assertTrue(Assert.java:42)
	at org.testng.Assert.assertTrue(Assert.java:52)
	at com.guangyun.TestNGLearn.testSubstract(TestNGLearn.java:19)
</failure>
  </testcase>
  <testcase classname="com.guangyun.TestNGLearn1" name="testAdd" time="0"/>
</testsuite>